[2014-10-10 20:30:06] production.ERROR: exception 'ErrorException' with message 'Missing argument 1 for Illuminate\View\Factory::make(), called in D:\www\SimaProj\bootstrap\compiled.php on line 3241 and defined' in D:\www\SimaProj\vendor\laravel\framework\src\Illuminate\View\Factory.php:120
Stack trace:
#0 D:\www\SimaProj\vendor\laravel\framework\src\Illuminate\View\Factory.php(120): Illuminate\Exception\Handler->handleError(2, 'Missing argumen...', 'D:\www\SimaProj...', 120, Array)
#1 D:\www\SimaProj\bootstrap\compiled.php(3241): Illuminate\View\Factory->make()
#2 D:\www\SimaProj\app\controllers\DashboardController.php(28): Illuminate\Support\Facades\Facade::__callStatic('Make', Array)
#3 D:\www\SimaProj\app\controllers\DashboardController.php(28): Illuminate\Support\Facades\View::Make()
#4 [internal function]: DashboardController->contactAdmin()
#5 D:\www\SimaProj\vendor\laravel\framework\src\Illuminate\Routing\Controller.php(231): call_user_func_array(Array, Array)
#6 D:\www\SimaProj\bootstrap\compiled.php(5799): Illuminate\Routing\Controller->callAction('contactAdmin', Array)
#7 D:\www\SimaProj\bootstrap\compiled.php(5787): Illuminate\Routing\ControllerDispatcher->call(Object(DashboardController), Object(Illuminate\Routing\Route), 'contactAdmin')
#8 D:\www\SimaProj\bootstrap\compiled.php(4986): Illuminate\Routing\ControllerDispatcher->dispatch(Object(Illuminate\Routing\Route), Object(Illuminate\Http\Request), 'DashboardContro...', 'contactAdmin')
#9 [internal function]: Illuminate\Routing\Router->Illuminate\Routing\{closure}()
#10 D:\www\SimaProj\bootstrap\compiled.php(5345): call_user_func_array(Object(Closure), Array)
#11 D:\www\SimaProj\bootstrap\compiled.php(5011): Illuminate\Routing\Route->run(Object(Illuminate\Http\Request))
#12 D:\www\SimaProj\bootstrap\compiled.php(4999): Illuminate\Routing\Router->dispatchToRoute(Object(Illuminate\Http\Request))
#13 D:\www\SimaProj\bootstrap\compiled.php(722): Illuminate\Routing\Router->dispatch(Object(Illuminate\Http\Request))
#14 D:\www\SimaProj\bootstrap\compiled.php(703): Illuminate\Foundation\Application->dispatch(Object(Illuminate\Http\Request))
#15 D:\www\SimaProj\bootstrap\compiled.php(7763): Illuminate\Foundation\Application->handle(Object(Illuminate\Http\Request), 1, true)
#16 D:\www\SimaProj\bootstrap\compiled.php(8370): Illuminate\Session\Middleware->handle(Object(Illuminate\Http\Request), 1, true)
#17 D:\www\SimaProj\bootstrap\compiled.php(8317): Illuminate\Cookie\Queue->handle(Object(Illuminate\Http\Request), 1, true)
#18 D:\www\SimaProj\bootstrap\compiled.php(10955): Illuminate\Cookie\Guard->handle(Object(Illuminate\Http\Request), 1, true)
#19 D:\www\SimaProj\bootstrap\compiled.php(664): Stack\StackedHttpKernel->handle(Object(Illuminate\Http\Request))
#20 D:\www\SimaProj\public\index.php(49): Illuminate\Foundation\Application->run()
#21 {main} [] []
